<?xml version="1.0" encoding="UTF-8"?>
<testsuite xmlns:xsi="http://www.w3.org/2001/XMLSchema-instance" xsi:noNamespaceSchemaLocation="https://maven.apache.org/surefire/maven-surefire-plugin/xsd/surefire-test-report-3.0.xsd" version="3.0" name="com.qihoo.auto.selenium.BaiduSearchTest" time="23.416" tests="1" errors="0" skipped="0" failures="0">
  <properties>
[...]
</properties>
  <testcase name="testBaiduSearch" classname="com.qihoo.auto.selenium.BaiduSearchTest" time="23.413">
    <system-out><![CDATA[2025-04-18 18:06:40.690  INFO 32856 --- [           main] i.g.bonigarcia.wdm.WebDriverManager      : Using chromedriver 135.0.7049.95 (resolved driver for Chrome 135)
2025-04-18 18:06:40.852  INFO 32856 --- [           main] i.g.bonigarcia.wdm.online.Downloader     : Downloading https://storage.googleapis.com/chrome-for-testing-public/135.0.7049.95/win64/chromedriver-win64.zip
2025-04-18 18:06:46.920  INFO 32856 --- [           main] i.g.bonigarcia.wdm.online.Downloader     : Extracting driver from compressed file chromedriver-win64.zip
2025-04-18 18:06:47.314  INFO 32856 --- [           main] i.g.bonigarcia.wdm.WebDriverManager      : Exporting webdriver.chrome.driver as C:\Users\zhangjiaxu-jk\.cache\selenium\chromedriver\win64\135.0.7049.95\chromedriver.exe
2025-04-18 18:06:54.211  INFO 32856 --- [ null to remote] o.o.selenium.remote.ProtocolHandshake    : Detected dialect: W3C
]]></system-out>
    <system-err><![CDATA[Starting ChromeDriver 135.0.7049.95 (de2eb485a1951079e63bdb57ce25544d2dc79c15-refs/branch-heads/7049@{#1836}) on port 15741
Only local connections are allowed.
Please see https://chromedriver.chromium.org/security-considerations for suggestions on keeping ChromeDriver safe.
ChromeDriver was started successfully on port 15741.
]]></system-err>
  </testcase>
</testsuite>